<?xml version="1.0" encoding="UTF-8"?>
<!-- Generated by org.testng.reporters.JUnitXMLReporter -->
<testsuite hostname="DESKTOP-O1MTOUR" failures="0" tests="3" name="Test" time="18.867" errors="0" timestamp="19 Apr 2024 19:34:58 GMT">
  <testcase classname="demoblaze.testLoginAPIs" name="testLoginwithValidUserNameAndValidPassword" time="8.198"/>
  <testcase classname="demoblaze.testSignUpAPIs" name="testSignUpwithNewUser" time="8.265"/>
  <testcase classname="demoblaze.testSignUpAPIs" name="testSignUpWithAlreadyExistUser" time="2.376"/>
</testsuite> <!-- Test -->
